{"D:\\Projects\\DCPE - CC (March 2025)\\dcpe-js\\dcpe\\crypto\\hkdf.js": {"path":"D:\\Projects\\DCPE - CC (March 2025)\\dcpe-js\\dcpe\\crypto\\hkdf.js","statementMap":{"0":{"start":{"line":13,"column":4},"end":{"line":15,"column":5}},"1":{"start":{"line":14,"column":8},"end":{"line":14,"column":67}},"2":{"start":{"line":18,"column":4},"end":{"line":18,"column":35}},"3":{"start":{"line":19,"column":4},"end":{"line":19,"column":35}},"4":{"start":{"line":22,"column":16},"end":{"line":22,"column":70}},"5":{"start":{"line":25,"column":19},"end":{"line":25,"column":39}},"6":{"start":{"line":26,"column":19},"end":{"line":26,"column":34}},"7":{"start":{"line":27,"column":25},"end":{"line":27,"column":26}},"8":{"start":{"line":28,"column":20},"end":{"line":28,"column":22}},"9":{"start":{"line":30,"column":4},"end":{"line":40,"column":5}},"10":{"start":{"line":30,"column":17},"end":{"line":30,"column":18}},"11":{"start":{"line":31,"column":21},"end":{"line":31,"column":53}},"12":{"start":{"line":32,"column":8},"end":{"line":32,"column":71}},"13":{"start":{"line":34,"column":21},"end":{"line":34,"column":34}},"14":{"start":{"line":35,"column":26},"end":{"line":35,"column":68}},"15":{"start":{"line":37,"column":8},"end":{"line":37,"column":56}},"16":{"start":{"line":38,"column":8},"end":{"line":38,"column":24}},"17":{"start":{"line":39,"column":8},"end":{"line":39,"column":36}},"18":{"start":{"line":42,"column":4},"end":{"line":42,"column":18}}},"fnMap":{"0":{"name":"hkdf","decl":{"start":{"line":12,"column":9},"end":{"line":12,"column":13}},"loc":{"start":{"line":12,"column":39},"end":{"line":43,"column":1}},"line":12}},"branchMap":{"0":{"loc":{"start":{"line":13,"column":4},"end":{"line":15,"column":5}},"type":"if","locations":[{"start":{"line":13,"column":4},"end":{"line":15,"column":5}},{"start":{},"end":{}}],"line":13},"1":{"loc":{"start":{"line":18,"column":11},"end":{"line":18,"column":34}},"type":"binary-expr","locations":[{"start":{"line":18,"column":11},"end":{"line":18,"column":15}},{"start":{"line":18,"column":19},"end":{"line":18,"column":34}}],"line":18},"2":{"loc":{"start":{"line":19,"column":11},"end":{"line":19,"column":34}},"type":"binary-expr","locations":[{"start":{"line":19,"column":11},"end":{"line":19,"column":15}},{"start":{"line":19,"column":19},"end":{"line":19,"column":34}}],"line":19}},"s":{"0":18,"1":1,"2":17,"3":17,"4":17,"5":17,"6":17,"7":17,"8":17,"9":17,"10":17,"11":17,"12":17,"13":17,"14":17,"15":17,"16":17,"17":17,"18":17},"f":{"0":18},"b":{"0":[1,17],"1":[17,2],"2":[17,2]},"_coverageSchema":"1a1c01bbd47fc00a2c39e90264f33305004495a9","hash":"c2ad5bc08e5c3430bd91a05fecd6d1801981b33e"}
,"D:\\Projects\\DCPE - CC (March 2025)\\dcpe-js\\dcpe\\crypto\\index.js": {"path":"D:\\Projects\\DCPE - CC (March 2025)\\dcpe-js\\dcpe\\crypto\\index.js","statementMap":{"0":{"start":{"line":7,"column":13},"end":{"line":7,"column":24}},"1":{"start":{"line":10,"column":20},"end":{"line":10,"column":129}},"2":{"start":{"line":17,"column":8},"end":{"line":19,"column":9}},"3":{"start":{"line":18,"column":12},"end":{"line":18,"column":78}},"4":{"start":{"line":20,"column":8},"end":{"line":22,"column":9}},"5":{"start":{"line":21,"column":12},"end":{"line":21,"column":62}},"6":{"start":{"line":23,"column":8},"end":{"line":23,"column":35}},"7":{"start":{"line":27,"column":8},"end":{"line":27,"column":30}},"8":{"start":{"line":31,"column":8},"end":{"line":31,"column":83}},"9":{"start":{"line":35,"column":8},"end":{"line":35,"column":61}},"10":{"start":{"line":45,"column":4},"end":{"line":53,"column":7}},"11":{"start":{"line":47,"column":22},"end":{"line":47,"column":43}},"12":{"start":{"line":48,"column":22},"end":{"line":48,"column":43}},"13":{"start":{"line":49,"column":17},"end":{"line":49,"column":54}},"14":{"start":{"line":50,"column":17},"end":{"line":50,"column":54}},"15":{"start":{"line":51,"column":17},"end":{"line":51,"column":78}},"16":{"start":{"line":52,"column":6},"end":{"line":52,"column":16}},"17":{"start":{"line":67,"column":18},"end":{"line":67,"column":39}},"18":{"start":{"line":68,"column":4},"end":{"line":68,"column":47}},"19":{"start":{"line":80,"column":19},"end":{"line":80,"column":72}},"20":{"start":{"line":81,"column":4},"end":{"line":81,"column":63}},"21":{"start":{"line":91,"column":17},"end":{"line":91,"column":34}},"22":{"start":{"line":92,"column":4},"end":{"line":92,"column":53}},"23":{"start":{"line":92,"column":31},"end":{"line":92,"column":51}},"24":{"start":{"line":104,"column":4},"end":{"line":106,"column":5}},"25":{"start":{"line":105,"column":8},"end":{"line":105,"column":71}},"26":{"start":{"line":107,"column":4},"end":{"line":109,"column":5}},"27":{"start":{"line":108,"column":8},"end":{"line":108,"column":81}},"28":{"start":{"line":110,"column":4},"end":{"line":112,"column":5}},"29":{"start":{"line":111,"column":8},"end":{"line":111,"column":74}},"30":{"start":{"line":113,"column":4},"end":{"line":115,"column":5}},"31":{"start":{"line":114,"column":8},"end":{"line":114,"column":69}},"32":{"start":{"line":117,"column":25},"end":{"line":117,"column":59}},"33":{"start":{"line":118,"column":25},"end":{"line":118,"column":45}},"34":{"start":{"line":119,"column":24},"end":{"line":119,"column":121}},"35":{"start":{"line":120,"column":4},"end":{"line":120,"column":54}},"36":{"start":{"line":134,"column":4},"end":{"line":139,"column":27}},"37":{"start":{"line":135,"column":19},"end":{"line":135,"column":62}},"38":{"start":{"line":136,"column":6},"end":{"line":136,"column":56}},"39":{"start":{"line":137,"column":20},"end":{"line":137,"column":33}},"40":{"start":{"line":138,"column":6},"end":{"line":138,"column":49}},"41":{"start":{"line":149,"column":4},"end":{"line":151,"column":5}},"42":{"start":{"line":150,"column":8},"end":{"line":150,"column":61}},"43":{"start":{"line":154,"column":16},"end":{"line":154,"column":37}},"44":{"start":{"line":157,"column":20},"end":{"line":157,"column":55}},"45":{"start":{"line":157,"column":49},"end":{"line":157,"column":54}},"46":{"start":{"line":158,"column":4},"end":{"line":161,"column":5}},"47":{"start":{"line":158,"column":17},"end":{"line":158,"column":35}},"48":{"start":{"line":159,"column":18},"end":{"line":159,"column":45}},"49":{"start":{"line":160,"column":8},"end":{"line":160,"column":60}},"50":{"start":{"line":164,"column":4},"end":{"line":164,"column":53}},"51":{"start":{"line":164,"column":34},"end":{"line":164,"column":51}},"52":{"start":{"line":190,"column":4},"end":{"line":192,"column":5}},"53":{"start":{"line":191,"column":8},"end":{"line":191,"column":63}},"54":{"start":{"line":195,"column":16},"end":{"line":195,"column":37}},"55":{"start":{"line":198,"column":20},"end":{"line":198,"column":77}},"56":{"start":{"line":198,"column":75},"end":{"line":198,"column":76}},"57":{"start":{"line":199,"column":4},"end":{"line":202,"column":5}},"58":{"start":{"line":199,"column":17},"end":{"line":199,"column":35}},"59":{"start":{"line":200,"column":18},"end":{"line":200,"column":45}},"60":{"start":{"line":201,"column":8},"end":{"line":201,"column":60}},"61":{"start":{"line":205,"column":23},"end":{"line":205,"column":48}},"62":{"start":{"line":206,"column":4},"end":{"line":208,"column":5}},"63":{"start":{"line":206,"column":17},"end":{"line":206,"column":18}},"64":{"start":{"line":207,"column":8},"end":{"line":207,"column":35}},"65":{"start":{"line":211,"column":4},"end":{"line":211,"column":69}},"66":{"start":{"line":211,"column":39},"end":{"line":211,"column":67}},"67":{"start":{"line":223,"column":17},"end":{"line":223,"column":64}},"68":{"start":{"line":224,"column":4},"end":{"line":224,"column":84}},"69":{"start":{"line":225,"column":4},"end":{"line":225,"column":74}},"70":{"start":{"line":226,"column":4},"end":{"line":226,"column":20}},"71":{"start":{"line":227,"column":4},"end":{"line":229,"column":7}},"72":{"start":{"line":228,"column":8},"end":{"line":228,"column":62}},"73":{"start":{"line":230,"column":4},"end":{"line":230,"column":39}},"74":{"start":{"line":241,"column":4},"end":{"line":243,"column":5}},"75":{"start":{"line":242,"column":8},"end":{"line":242,"column":67}},"76":{"start":{"line":245,"column":15},"end":{"line":245,"column":37}},"77":{"start":{"line":246,"column":24},"end":{"line":246,"column":88}},"78":{"start":{"line":247,"column":23},"end":{"line":247,"column":99}},"79":{"start":{"line":247,"column":46},"end":{"line":247,"column":98}},"80":{"start":{"line":249,"column":4},"end":{"line":251,"column":5}},"81":{"start":{"line":249,"column":35},"end":{"line":249,"column":55}},"82":{"start":{"line":250,"column":8},"end":{"line":250,"column":88}},"83":{"start":{"line":253,"column":21},"end":{"line":253,"column":78}},"84":{"start":{"line":255,"column":4},"end":{"line":255,"column":40}},"85":{"start":{"line":266,"column":4},"end":{"line":268,"column":5}},"86":{"start":{"line":267,"column":8},"end":{"line":267,"column":67}},"87":{"start":{"line":270,"column":41},"end":{"line":270,"column":56}},"88":{"start":{"line":272,"column":4},"end":{"line":274,"column":5}},"89":{"start":{"line":273,"column":8},"end":{"line":273,"column":63}},"90":{"start":{"line":276,"column":24},"end":{"line":276,"column":92}},"91":{"start":{"line":277,"column":4},"end":{"line":277,"column":94}},"92":{"start":{"line":277,"column":38},"end":{"line":277,"column":92}}},"fnMap":{"0":{"name":"(anonymous_0)","decl":{"start":{"line":16,"column":4},"end":{"line":16,"column":5}},"loc":{"start":{"line":16,"column":27},"end":{"line":24,"column":5}},"line":16},"1":{"name":"(anonymous_1)","decl":{"start":{"line":26,"column":4},"end":{"line":26,"column":5}},"loc":{"start":{"line":26,"column":15},"end":{"line":28,"column":5}},"line":26},"2":{"name":"(anonymous_2)","decl":{"start":{"line":30,"column":4},"end":{"line":30,"column":5}},"loc":{"start":{"line":30,"column":18},"end":{"line":32,"column":5}},"line":30},"3":{"name":"(anonymous_3)","decl":{"start":{"line":34,"column":4},"end":{"line":34,"column":5}},"loc":{"start":{"line":34,"column":15},"end":{"line":36,"column":5}},"line":34},"4":{"name":"sampleNormalVector","decl":{"start":{"line":44,"column":9},"end":{"line":44,"column":27}},"loc":{"start":{"line":44,"column":44},"end":{"line":54,"column":3}},"line":44},"5":{"name":"(anonymous_5)","decl":{"start":{"line":45,"column":50},"end":{"line":45,"column":51}},"loc":{"start":{"line":45,"column":56},"end":{"line":53,"column":5}},"line":45},"6":{"name":"sampleUniformPoint","decl":{"start":{"line":66,"column":9},"end":{"line":66,"column":27}},"loc":{"start":{"line":66,"column":30},"end":{"line":69,"column":3}},"line":66},"7":{"name":"calculateUniformPointInBall","decl":{"start":{"line":79,"column":9},"end":{"line":79,"column":36}},"loc":{"start":{"line":79,"column":103},"end":{"line":82,"column":1}},"line":79},"8":{"name":"normalizeVector","decl":{"start":{"line":90,"column":9},"end":{"line":90,"column":24}},"loc":{"start":{"line":90,"column":40},"end":{"line":93,"column":1}},"line":90},"9":{"name":"(anonymous_9)","decl":{"start":{"line":92,"column":22},"end":{"line":92,"column":23}},"loc":{"start":{"line":92,"column":31},"end":{"line":92,"column":51}},"line":92},"10":{"name":"generateNoiseVector","decl":{"start":{"line":103,"column":9},"end":{"line":103,"column":28}},"loc":{"start":{"line":103,"column":75},"end":{"line":121,"column":1}},"line":103},"11":{"name":"createRngFromKey","decl":{"start":{"line":133,"column":9},"end":{"line":133,"column":25}},"loc":{"start":{"line":133,"column":31},"end":{"line":140,"column":3}},"line":133},"12":{"name":"(anonymous_12)","decl":{"start":{"line":134,"column":11},"end":{"line":134,"column":12}},"loc":{"start":{"line":134,"column":22},"end":{"line":139,"column":5}},"line":134},"13":{"name":"shuffle","decl":{"start":{"line":148,"column":9},"end":{"line":148,"column":16}},"loc":{"start":{"line":148,"column":34},"end":{"line":165,"column":1}},"line":148},"14":{"name":"(anonymous_14)","decl":{"start":{"line":157,"column":35},"end":{"line":157,"column":36}},"loc":{"start":{"line":157,"column":49},"end":{"line":157,"column":54}},"line":157},"15":{"name":"(anonymous_15)","decl":{"start":{"line":164,"column":23},"end":{"line":164,"column":24}},"loc":{"start":{"line":164,"column":34},"end":{"line":164,"column":51}},"line":164},"16":{"name":"unshuffle","decl":{"start":{"line":189,"column":9},"end":{"line":189,"column":18}},"loc":{"start":{"line":189,"column":39},"end":{"line":212,"column":1}},"line":189},"17":{"name":"(anonymous_17)","decl":{"start":{"line":198,"column":65},"end":{"line":198,"column":66}},"loc":{"start":{"line":198,"column":75},"end":{"line":198,"column":76}},"line":198},"18":{"name":"(anonymous_18)","decl":{"start":{"line":211,"column":29},"end":{"line":211,"column":30}},"loc":{"start":{"line":211,"column":39},"end":{"line":211,"column":67}},"line":211},"19":{"name":"computeAuthHash","decl":{"start":{"line":222,"column":9},"end":{"line":222,"column":24}},"loc":{"start":{"line":222,"column":72},"end":{"line":231,"column":1}},"line":222},"20":{"name":"(anonymous_20)","decl":{"start":{"line":227,"column":28},"end":{"line":227,"column":29}},"loc":{"start":{"line":227,"column":37},"end":{"line":229,"column":5}},"line":227},"21":{"name":"encryptVector","decl":{"start":{"line":240,"column":9},"end":{"line":240,"column":22}},"loc":{"start":{"line":240,"column":57},"end":{"line":256,"column":1}},"line":240},"22":{"name":"(anonymous_22)","decl":{"start":{"line":247,"column":34},"end":{"line":247,"column":35}},"loc":{"start":{"line":247,"column":46},"end":{"line":247,"column":98}},"line":247},"23":{"name":"(anonymous_23)","decl":{"start":{"line":249,"column":26},"end":{"line":249,"column":27}},"loc":{"start":{"line":249,"column":35},"end":{"line":249,"column":55}},"line":249},"24":{"name":"decryptVector","decl":{"start":{"line":265,"column":9},"end":{"line":265,"column":22}},"loc":{"start":{"line":265,"column":66},"end":{"line":278,"column":1}},"line":265},"25":{"name":"(anonymous_25)","decl":{"start":{"line":277,"column":26},"end":{"line":277,"column":27}},"loc":{"start":{"line":277,"column":38},"end":{"line":277,"column":92}},"line":277}},"branchMap":{"0":{"loc":{"start":{"line":17,"column":8},"end":{"line":19,"column":9}},"type":"if","locations":[{"start":{"line":17,"column":8},"end":{"line":19,"column":9}},{"start":{},"end":{}}],"line":17},"1":{"loc":{"start":{"line":20,"column":8},"end":{"line":22,"column":9}},"type":"if","locations":[{"start":{"line":20,"column":8},"end":{"line":22,"column":9}},{"start":{},"end":{}}],"line":20},"2":{"loc":{"start":{"line":31,"column":15},"end":{"line":31,"column":82}},"type":"binary-expr","locations":[{"start":{"line":31,"column":15},"end":{"line":31,"column":40}},{"start":{"line":31,"column":44},"end":{"line":31,"column":82}}],"line":31},"3":{"loc":{"start":{"line":104,"column":4},"end":{"line":106,"column":5}},"type":"if","locations":[{"start":{"line":104,"column":4},"end":{"line":106,"column":5}},{"start":{},"end":{}}],"line":104},"4":{"loc":{"start":{"line":107,"column":4},"end":{"line":109,"column":5}},"type":"if","locations":[{"start":{"line":107,"column":4},"end":{"line":109,"column":5}},{"start":{},"end":{}}],"line":107},"5":{"loc":{"start":{"line":107,"column":8},"end":{"line":107,"column":35}},"type":"binary-expr","locations":[{"start":{"line":107,"column":8},"end":{"line":107,"column":11}},{"start":{"line":107,"column":15},"end":{"line":107,"column":35}}],"line":107},"6":{"loc":{"start":{"line":110,"column":4},"end":{"line":112,"column":5}},"type":"if","locations":[{"start":{"line":110,"column":4},"end":{"line":112,"column":5}},{"start":{},"end":{}}],"line":110},"7":{"loc":{"start":{"line":110,"column":8},"end":{"line":110,"column":73}},"type":"binary-expr","locations":[{"start":{"line":110,"column":8},"end":{"line":110,"column":45}},{"start":{"line":110,"column":49},"end":{"line":110,"column":73}}],"line":110},"8":{"loc":{"start":{"line":113,"column":4},"end":{"line":115,"column":5}},"type":"if","locations":[{"start":{"line":113,"column":4},"end":{"line":115,"column":5}},{"start":{},"end":{}}],"line":113},"9":{"loc":{"start":{"line":113,"column":8},"end":{"line":113,"column":64}},"type":"binary-expr","locations":[{"start":{"line":113,"column":8},"end":{"line":113,"column":41}},{"start":{"line":113,"column":45},"end":{"line":113,"column":64}}],"line":113},"10":{"loc":{"start":{"line":149,"column":4},"end":{"line":151,"column":5}},"type":"if","locations":[{"start":{"line":149,"column":4},"end":{"line":151,"column":5}},{"start":{},"end":{}}],"line":149},"11":{"loc":{"start":{"line":149,"column":8},"end":{"line":149,"column":42}},"type":"binary-expr","locations":[{"start":{"line":149,"column":8},"end":{"line":149,"column":12}},{"start":{"line":149,"column":16},"end":{"line":149,"column":42}}],"line":149},"12":{"loc":{"start":{"line":190,"column":4},"end":{"line":192,"column":5}},"type":"if","locations":[{"start":{"line":190,"column":4},"end":{"line":192,"column":5}},{"start":{},"end":{}}],"line":190},"13":{"loc":{"start":{"line":190,"column":8},"end":{"line":190,"column":45}},"type":"binary-expr","locations":[{"start":{"line":190,"column":8},"end":{"line":190,"column":12}},{"start":{"line":190,"column":16},"end":{"line":190,"column":45}}],"line":190},"14":{"loc":{"start":{"line":241,"column":4},"end":{"line":243,"column":5}},"type":"if","locations":[{"start":{"line":241,"column":4},"end":{"line":243,"column":5}},{"start":{},"end":{}}],"line":241},"15":{"loc":{"start":{"line":249,"column":4},"end":{"line":251,"column":5}},"type":"if","locations":[{"start":{"line":249,"column":4},"end":{"line":251,"column":5}},{"start":{},"end":{}}],"line":249},"16":{"loc":{"start":{"line":266,"column":4},"end":{"line":268,"column":5}},"type":"if","locations":[{"start":{"line":266,"column":4},"end":{"line":268,"column":5}},{"start":{},"end":{}}],"line":266},"17":{"loc":{"start":{"line":272,"column":4},"end":{"line":274,"column":5}},"type":"if","locations":[{"start":{"line":272,"column":4},"end":{"line":274,"column":5}},{"start":{},"end":{}}],"line":272}},"s":{"0":3,"1":3,"2":14,"3":0,"4":14,"5":0,"6":14,"7":7,"8":4,"9":0,"10":9,"11":48,"12":48,"13":48,"14":48,"15":48,"16":48,"17":17,"18":17,"19":6,"20":6,"21":6,"22":6,"23":18,"24":8,"25":1,"26":7,"27":1,"28":6,"29":0,"30":6,"31":0,"32":6,"33":6,"34":6,"35":6,"36":5,"37":16,"38":16,"39":16,"40":16,"41":5,"42":2,"43":3,"44":3,"45":13,"46":3,"47":3,"48":10,"49":10,"50":3,"51":13,"52":4,"53":2,"54":2,"55":2,"56":8,"57":2,"58":2,"59":6,"60":6,"61":2,"62":2,"63":2,"64":8,"65":2,"66":8,"67":10,"68":10,"69":10,"70":10,"71":10,"72":27,"73":9,"74":5,"75":1,"76":3,"77":3,"78":3,"79":9,"80":3,"81":9,"82":0,"83":3,"84":3,"85":4,"86":0,"87":4,"88":3,"89":1,"90":2,"91":2,"92":6},"f":{"0":14,"1":7,"2":4,"3":0,"4":9,"5":48,"6":17,"7":6,"8":6,"9":18,"10":8,"11":5,"12":16,"13":5,"14":13,"15":13,"16":4,"17":8,"18":8,"19":10,"20":27,"21":5,"22":9,"23":9,"24":4,"25":6},"b":{"0":[0,14],"1":[0,14],"2":[4,3],"3":[1,7],"4":[1,6],"5":[7,6],"6":[0,6],"7":[6,6],"8":[0,6],"9":[6,6],"10":[2,3],"11":[5,4],"12":[2,2],"13":[4,3],"14":[1,3],"15":[0,3],"16":[0,4],"17":[1,2]},"_coverageSchema":"1a1c01bbd47fc00a2c39e90264f33305004495a9","hash":"97e8d5bdfa71ef34f8eafeb4f30825eabc7b7a39"}
,"D:\\Projects\\DCPE - CC (March 2025)\\dcpe-js\\dcpe\\exceptions\\index.js": {"path":"D:\\Projects\\DCPE - CC (March 2025)\\dcpe-js\\dcpe\\exceptions\\index.js","statementMap":{"0":{"start":{"line":8,"column":8},"end":{"line":8,"column":23}},"1":{"start":{"line":9,"column":8},"end":{"line":9,"column":32}},"2":{"start":{"line":16,"column":8},"end":{"line":16,"column":55}},"3":{"start":{"line":17,"column":8},"end":{"line":17,"column":48}},"4":{"start":{"line":24,"column":8},"end":{"line":24,"column":45}},"5":{"start":{"line":25,"column":8},"end":{"line":25,"column":38}},"6":{"start":{"line":32,"column":8},"end":{"line":32,"column":47}},"7":{"start":{"line":33,"column":8},"end":{"line":33,"column":40}},"8":{"start":{"line":40,"column":8},"end":{"line":40,"column":42}},"9":{"start":{"line":41,"column":8},"end":{"line":41,"column":35}},"10":{"start":{"line":48,"column":8},"end":{"line":48,"column":42}},"11":{"start":{"line":49,"column":8},"end":{"line":49,"column":35}},"12":{"start":{"line":56,"column":8},"end":{"line":56,"column":23}},"13":{"start":{"line":57,"column":8},"end":{"line":57,"column":41}},"14":{"start":{"line":58,"column":8},"end":{"line":58,"column":93}},"15":{"start":{"line":65,"column":8},"end":{"line":65,"column":23}},"16":{"start":{"line":66,"column":8},"end":{"line":66,"column":41}},"17":{"start":{"line":67,"column":8},"end":{"line":67,"column":93}},"18":{"start":{"line":75,"column":8},"end":{"line":75,"column":23}},"19":{"start":{"line":76,"column":8},"end":{"line":76,"column":36}},"20":{"start":{"line":77,"column":8},"end":{"line":77,"column":83}},"21":{"start":{"line":84,"column":8},"end":{"line":84,"column":43}},"22":{"start":{"line":85,"column":8},"end":{"line":85,"column":36}},"23":{"start":{"line":92,"column":8},"end":{"line":92,"column":42}},"24":{"start":{"line":93,"column":8},"end":{"line":93,"column":35}},"25":{"start":{"line":100,"column":8},"end":{"line":100,"column":44}},"26":{"start":{"line":101,"column":8},"end":{"line":101,"column":37}},"27":{"start":{"line":129,"column":8},"end":{"line":129,"column":112}},"28":{"start":{"line":130,"column":8},"end":{"line":130,"column":31}},"29":{"start":{"line":131,"column":8},"end":{"line":131,"column":41}},"30":{"start":{"line":132,"column":8},"end":{"line":132,"column":33}},"31":{"start":{"line":133,"column":8},"end":{"line":133,"column":31}}},"fnMap":{"0":{"name":"(anonymous_0)","decl":{"start":{"line":7,"column":4},"end":{"line":7,"column":5}},"loc":{"start":{"line":7,"column":58},"end":{"line":10,"column":5}},"line":7},"1":{"name":"(anonymous_1)","decl":{"start":{"line":15,"column":4},"end":{"line":15,"column":5}},"loc":{"start":{"line":15,"column":51},"end":{"line":18,"column":5}},"line":15},"2":{"name":"(anonymous_2)","decl":{"start":{"line":23,"column":4},"end":{"line":23,"column":5}},"loc":{"start":{"line":23,"column":41},"end":{"line":26,"column":5}},"line":23},"3":{"name":"(anonymous_3)","decl":{"start":{"line":31,"column":4},"end":{"line":31,"column":5}},"loc":{"start":{"line":31,"column":43},"end":{"line":34,"column":5}},"line":31},"4":{"name":"(anonymous_4)","decl":{"start":{"line":39,"column":4},"end":{"line":39,"column":5}},"loc":{"start":{"line":39,"column":46},"end":{"line":42,"column":5}},"line":39},"5":{"name":"(anonymous_5)","decl":{"start":{"line":47,"column":4},"end":{"line":47,"column":5}},"loc":{"start":{"line":47,"column":46},"end":{"line":50,"column":5}},"line":47},"6":{"name":"(anonymous_6)","decl":{"start":{"line":55,"column":4},"end":{"line":55,"column":5}},"loc":{"start":{"line":55,"column":53},"end":{"line":59,"column":5}},"line":55},"7":{"name":"(anonymous_7)","decl":{"start":{"line":64,"column":4},"end":{"line":64,"column":5}},"loc":{"start":{"line":64,"column":53},"end":{"line":68,"column":5}},"line":64},"8":{"name":"(anonymous_8)","decl":{"start":{"line":74,"column":4},"end":{"line":74,"column":5}},"loc":{"start":{"line":74,"column":73},"end":{"line":78,"column":5}},"line":74},"9":{"name":"(anonymous_9)","decl":{"start":{"line":83,"column":4},"end":{"line":83,"column":5}},"loc":{"start":{"line":83,"column":44},"end":{"line":86,"column":5}},"line":83},"10":{"name":"(anonymous_10)","decl":{"start":{"line":91,"column":4},"end":{"line":91,"column":5}},"loc":{"start":{"line":91,"column":43},"end":{"line":94,"column":5}},"line":91},"11":{"name":"(anonymous_11)","decl":{"start":{"line":99,"column":4},"end":{"line":99,"column":5}},"loc":{"start":{"line":99,"column":46},"end":{"line":102,"column":5}},"line":99},"12":{"name":"(anonymous_12)","decl":{"start":{"line":128,"column":4},"end":{"line":128,"column":5}},"loc":{"start":{"line":128,"column":72},"end":{"line":134,"column":5}},"line":128}},"branchMap":{"0":{"loc":{"start":{"line":7,"column":16},"end":{"line":7,"column":56}},"type":"default-arg","locations":[{"start":{"line":7,"column":26},"end":{"line":7,"column":56}}],"line":7},"1":{"loc":{"start":{"line":15,"column":16},"end":{"line":15,"column":49}},"type":"default-arg","locations":[{"start":{"line":15,"column":26},"end":{"line":15,"column":49}}],"line":15},"2":{"loc":{"start":{"line":23,"column":16},"end":{"line":23,"column":39}},"type":"default-arg","locations":[{"start":{"line":23,"column":26},"end":{"line":23,"column":39}}],"line":23},"3":{"loc":{"start":{"line":31,"column":16},"end":{"line":31,"column":41}},"type":"default-arg","locations":[{"start":{"line":31,"column":26},"end":{"line":31,"column":41}}],"line":31},"4":{"loc":{"start":{"line":39,"column":16},"end":{"line":39,"column":44}},"type":"default-arg","locations":[{"start":{"line":39,"column":26},"end":{"line":39,"column":44}}],"line":39},"5":{"loc":{"start":{"line":47,"column":16},"end":{"line":47,"column":44}},"type":"default-arg","locations":[{"start":{"line":47,"column":26},"end":{"line":47,"column":44}}],"line":47},"6":{"loc":{"start":{"line":55,"column":16},"end":{"line":55,"column":51}},"type":"default-arg","locations":[{"start":{"line":55,"column":26},"end":{"line":55,"column":51}}],"line":55},"7":{"loc":{"start":{"line":64,"column":16},"end":{"line":64,"column":51}},"type":"default-arg","locations":[{"start":{"line":64,"column":26},"end":{"line":64,"column":51}}],"line":64},"8":{"loc":{"start":{"line":74,"column":16},"end":{"line":74,"column":71}},"type":"default-arg","locations":[{"start":{"line":74,"column":26},"end":{"line":74,"column":71}}],"line":74},"9":{"loc":{"start":{"line":83,"column":16},"end":{"line":83,"column":42}},"type":"default-arg","locations":[{"start":{"line":83,"column":26},"end":{"line":83,"column":42}}],"line":83},"10":{"loc":{"start":{"line":91,"column":16},"end":{"line":91,"column":41}},"type":"default-arg","locations":[{"start":{"line":91,"column":26},"end":{"line":91,"column":41}}],"line":91},"11":{"loc":{"start":{"line":99,"column":16},"end":{"line":99,"column":44}},"type":"default-arg","locations":[{"start":{"line":99,"column":26},"end":{"line":99,"column":44}}],"line":99},"12":{"loc":{"start":{"line":128,"column":49},"end":{"line":128,"column":70}},"type":"default-arg","locations":[{"start":{"line":128,"column":59},"end":{"line":128,"column":70}}],"line":128}},"s":{"0":21,"1":21,"2":2,"3":2,"4":3,"5":3,"6":4,"7":4,"8":3,"9":3,"10":4,"11":4,"12":1,"13":1,"14":1,"15":1,"16":1,"17":1,"18":1,"19":1,"20":1,"21":1,"22":1,"23":1,"24":1,"25":1,"26":1,"27":1,"28":1,"29":1,"30":1,"31":1},"f":{"0":21,"1":2,"2":3,"3":4,"4":3,"5":4,"6":1,"7":1,"8":1,"9":1,"10":1,"11":1,"12":1},"b":{"0":[1],"1":[1],"2":[0],"3":[0],"4":[0],"5":[0],"6":[0],"7":[0],"8":[1],"9":[1],"10":[1],"11":[1],"12":[0]},"_coverageSchema":"1a1c01bbd47fc00a2c39e90264f33305004495a9","hash":"2c458c9c43240f195e90806a6730c195138c33e2"}
,"D:\\Projects\\DCPE - CC (March 2025)\\dcpe-js\\dcpe\\headers\\index.js": {"path":"D:\\Projects\\DCPE - CC (March 2025)\\dcpe-js\\dcpe\\headers\\index.js","statementMap":{"0":{"start":{"line":7,"column":17},"end":{"line":11,"column":2}},"1":{"start":{"line":16,"column":20},"end":{"line":20,"column":2}},"2":{"start":{"line":32,"column":8},"end":{"line":34,"column":9}},"3":{"start":{"line":33,"column":12},"end":{"line":33,"column":58}},"4":{"start":{"line":35,"column":8},"end":{"line":37,"column":9}},"5":{"start":{"line":36,"column":12},"end":{"line":36,"column":75}},"6":{"start":{"line":38,"column":8},"end":{"line":40,"column":9}},"7":{"start":{"line":39,"column":12},"end":{"line":39,"column":81}},"8":{"start":{"line":41,"column":8},"end":{"line":41,"column":27}},"9":{"start":{"line":42,"column":8},"end":{"line":42,"column":33}},"10":{"start":{"line":43,"column":8},"end":{"line":43,"column":39}},"11":{"start":{"line":54,"column":8},"end":{"line":54,"column":61}},"12":{"start":{"line":62,"column":23},"end":{"line":62,"column":38}},"13":{"start":{"line":63,"column":8},"end":{"line":63,"column":44}},"14":{"start":{"line":64,"column":8},"end":{"line":64,"column":53}},"15":{"start":{"line":65,"column":8},"end":{"line":65,"column":32}},"16":{"start":{"line":66,"column":8},"end":{"line":66,"column":22}},"17":{"start":{"line":75,"column":8},"end":{"line":77,"column":9}},"18":{"start":{"line":76,"column":12},"end":{"line":76,"column":104}},"19":{"start":{"line":79,"column":22},"end":{"line":79,"column":49}},"20":{"start":{"line":80,"column":25},"end":{"line":80,"column":49}},"21":{"start":{"line":81,"column":28},"end":{"line":81,"column":52}},"22":{"start":{"line":83,"column":8},"end":{"line":85,"column":9}},"23":{"start":{"line":84,"column":12},"end":{"line":84,"column":94}},"24":{"start":{"line":87,"column":42},"end":{"line":87,"column":72}},"25":{"start":{"line":88,"column":8},"end":{"line":88,"column":61}},"26":{"start":{"line":96,"column":28},"end":{"line":96,"column":79}},"27":{"start":{"line":97,"column":31},"end":{"line":97,"column":83}},"28":{"start":{"line":98,"column":8},"end":{"line":98,"column":44}},"29":{"start":{"line":107,"column":30},"end":{"line":107,"column":52}},"30":{"start":{"line":108,"column":33},"end":{"line":108,"column":48}},"31":{"start":{"line":110,"column":25},"end":{"line":110,"column":63}},"32":{"start":{"line":111,"column":28},"end":{"line":111,"column":72}},"33":{"start":{"line":113,"column":8},"end":{"line":115,"column":9}},"34":{"start":{"line":114,"column":12},"end":{"line":114,"column":70}},"35":{"start":{"line":117,"column":8},"end":{"line":117,"column":41}},"36":{"start":{"line":131,"column":8},"end":{"line":133,"column":9}},"37":{"start":{"line":132,"column":12},"end":{"line":132,"column":82}},"38":{"start":{"line":134,"column":8},"end":{"line":136,"column":9}},"39":{"start":{"line":135,"column":12},"end":{"line":135,"column":55}},"40":{"start":{"line":137,"column":8},"end":{"line":139,"column":9}},"41":{"start":{"line":138,"column":12},"end":{"line":138,"column":76}},"42":{"start":{"line":140,"column":8},"end":{"line":140,"column":39}},"43":{"start":{"line":141,"column":8},"end":{"line":141,"column":21}},"44":{"start":{"line":142,"column":8},"end":{"line":142,"column":33}},"45":{"start":{"line":154,"column":4},"end":{"line":158,"column":7}},"46":{"start":{"line":167,"column":4},"end":{"line":169,"column":5}},"47":{"start":{"line":168,"column":8},"end":{"line":168,"column":84}},"48":{"start":{"line":171,"column":24},"end":{"line":171,"column":49}},"49":{"start":{"line":172,"column":27},"end":{"line":172,"column":49}},"50":{"start":{"line":173,"column":24},"end":{"line":173,"column":63}},"51":{"start":{"line":175,"column":4},"end":{"line":175,"column":43}}},"fnMap":{"0":{"name":"(anonymous_0)","decl":{"start":{"line":31,"column":4},"end":{"line":31,"column":5}},"loc":{"start":{"line":31,"column":46},"end":{"line":44,"column":5}},"line":31},"1":{"name":"(anonymous_1)","decl":{"start":{"line":53,"column":4},"end":{"line":53,"column":5}},"loc":{"start":{"line":53,"column":54},"end":{"line":55,"column":5}},"line":53},"2":{"name":"(anonymous_2)","decl":{"start":{"line":61,"column":4},"end":{"line":61,"column":5}},"loc":{"start":{"line":61,"column":19},"end":{"line":67,"column":5}},"line":61},"3":{"name":"(anonymous_3)","decl":{"start":{"line":74,"column":4},"end":{"line":74,"column":5}},"loc":{"start":{"line":74,"column":39},"end":{"line":89,"column":5}},"line":74},"4":{"name":"(anonymous_4)","decl":{"start":{"line":95,"column":4},"end":{"line":95,"column":5}},"loc":{"start":{"line":95,"column":22},"end":{"line":99,"column":5}},"line":95},"5":{"name":"(anonymous_5)","decl":{"start":{"line":106,"column":4},"end":{"line":106,"column":5}},"loc":{"start":{"line":106,"column":37},"end":{"line":118,"column":5}},"line":106},"6":{"name":"(anonymous_6)","decl":{"start":{"line":130,"column":4},"end":{"line":130,"column":5}},"loc":{"start":{"line":130,"column":43},"end":{"line":143,"column":5}},"line":130},"7":{"name":"encodeVectorMetadata","decl":{"start":{"line":153,"column":9},"end":{"line":153,"column":29}},"loc":{"start":{"line":153,"column":57},"end":{"line":159,"column":1}},"line":153},"8":{"name":"decodeVersionPrefixedValue","decl":{"start":{"line":166,"column":9},"end":{"line":166,"column":35}},"loc":{"start":{"line":166,"column":48},"end":{"line":176,"column":1}},"line":166}},"branchMap":{"0":{"loc":{"start":{"line":32,"column":8},"end":{"line":34,"column":9}},"type":"if","locations":[{"start":{"line":32,"column":8},"end":{"line":34,"column":9}},{"start":{},"end":{}}],"line":32},"1":{"loc":{"start":{"line":35,"column":8},"end":{"line":37,"column":9}},"type":"if","locations":[{"start":{"line":35,"column":8},"end":{"line":37,"column":9}},{"start":{},"end":{}}],"line":35},"2":{"loc":{"start":{"line":38,"column":8},"end":{"line":40,"column":9}},"type":"if","locations":[{"start":{"line":38,"column":8},"end":{"line":40,"column":9}},{"start":{},"end":{}}],"line":38},"3":{"loc":{"start":{"line":75,"column":8},"end":{"line":77,"column":9}},"type":"if","locations":[{"start":{"line":75,"column":8},"end":{"line":77,"column":9}},{"start":{},"end":{}}],"line":75},"4":{"loc":{"start":{"line":83,"column":8},"end":{"line":85,"column":9}},"type":"if","locations":[{"start":{"line":83,"column":8},"end":{"line":85,"column":9}},{"start":{},"end":{}}],"line":83},"5":{"loc":{"start":{"line":113,"column":8},"end":{"line":115,"column":9}},"type":"if","locations":[{"start":{"line":113,"column":8},"end":{"line":115,"column":9}},{"start":{},"end":{}}],"line":113},"6":{"loc":{"start":{"line":113,"column":12},"end":{"line":113,"column":37}},"type":"binary-expr","locations":[{"start":{"line":113,"column":12},"end":{"line":113,"column":21}},{"start":{"line":113,"column":25},"end":{"line":113,"column":37}}],"line":113},"7":{"loc":{"start":{"line":131,"column":8},"end":{"line":133,"column":9}},"type":"if","locations":[{"start":{"line":131,"column":8},"end":{"line":133,"column":9}},{"start":{},"end":{}}],"line":131},"8":{"loc":{"start":{"line":134,"column":8},"end":{"line":136,"column":9}},"type":"if","locations":[{"start":{"line":134,"column":8},"end":{"line":136,"column":9}},{"start":{},"end":{}}],"line":134},"9":{"loc":{"start":{"line":137,"column":8},"end":{"line":139,"column":9}},"type":"if","locations":[{"start":{"line":137,"column":8},"end":{"line":139,"column":9}},{"start":{},"end":{}}],"line":137},"10":{"loc":{"start":{"line":167,"column":4},"end":{"line":169,"column":5}},"type":"if","locations":[{"start":{"line":167,"column":4},"end":{"line":169,"column":5}},{"start":{},"end":{}}],"line":167}},"s":{"0":2,"1":2,"2":21,"3":1,"4":20,"5":1,"6":19,"7":1,"8":18,"9":18,"10":18,"11":1,"12":9,"13":9,"14":9,"15":9,"16":9,"17":9,"18":1,"19":8,"20":8,"21":8,"22":8,"23":1,"24":7,"25":7,"26":9,"27":9,"28":9,"29":7,"30":7,"31":7,"32":7,"33":7,"34":0,"35":7,"36":4,"37":1,"38":3,"39":1,"40":2,"41":1,"42":1,"43":1,"44":1,"45":3,"46":4,"47":1,"48":3,"49":3,"50":3,"51":3},"f":{"0":21,"1":1,"2":9,"3":9,"4":9,"5":7,"6":4,"7":3,"8":4},"b":{"0":[1,20],"1":[1,19],"2":[1,18],"3":[1,8],"4":[1,7],"5":[0,7],"6":[7,7],"7":[1,3],"8":[1,2],"9":[1,1],"10":[1,3]},"_coverageSchema":"1a1c01bbd47fc00a2c39e90264f33305004495a9","hash":"776bd65fa69a8195a1ed581a48a71be271addf61"}
,"D:\\Projects\\DCPE - CC (March 2025)\\dcpe-js\\dcpe\\key_provider\\index.js": {"path":"D:\\Projects\\DCPE - CC (March 2025)\\dcpe-js\\dcpe\\key_provider\\index.js","statementMap":{"0":{"start":{"line":12,"column":8},"end":{"line":12,"column":75}},"1":{"start":{"line":23,"column":8},"end":{"line":23,"column":77}},"2":{"start":{"line":35,"column":8},"end":{"line":35,"column":16}},"3":{"start":{"line":36,"column":8},"end":{"line":38,"column":9}},"4":{"start":{"line":37,"column":12},"end":{"line":37,"column":67}},"5":{"start":{"line":39,"column":8},"end":{"line":39,"column":33}},"6":{"start":{"line":49,"column":20},"end":{"line":49,"column":53}},"7":{"start":{"line":50,"column":8},"end":{"line":52,"column":9}},"8":{"start":{"line":51,"column":12},"end":{"line":51,"column":68}},"9":{"start":{"line":53,"column":8},"end":{"line":53,"column":42}},"10":{"start":{"line":63,"column":28},"end":{"line":63,"column":46}},"11":{"start":{"line":64,"column":8},"end":{"line":64,"column":68}},"12":{"start":{"line":65,"column":8},"end":{"line":65,"column":27}}},"fnMap":{"0":{"name":"(anonymous_0)","decl":{"start":{"line":11,"column":4},"end":{"line":11,"column":5}},"loc":{"start":{"line":11,"column":24},"end":{"line":13,"column":5}},"line":11},"1":{"name":"(anonymous_1)","decl":{"start":{"line":22,"column":4},"end":{"line":22,"column":5}},"loc":{"start":{"line":22,"column":39},"end":{"line":24,"column":5}},"line":22},"2":{"name":"(anonymous_2)","decl":{"start":{"line":34,"column":4},"end":{"line":34,"column":5}},"loc":{"start":{"line":34,"column":26},"end":{"line":40,"column":5}},"line":34},"3":{"name":"(anonymous_3)","decl":{"start":{"line":48,"column":4},"end":{"line":48,"column":5}},"loc":{"start":{"line":48,"column":24},"end":{"line":54,"column":5}},"line":48},"4":{"name":"(anonymous_4)","decl":{"start":{"line":62,"column":4},"end":{"line":62,"column":5}},"loc":{"start":{"line":62,"column":39},"end":{"line":66,"column":5}},"line":62}},"branchMap":{"0":{"loc":{"start":{"line":36,"column":8},"end":{"line":38,"column":9}},"type":"if","locations":[{"start":{"line":36,"column":8},"end":{"line":38,"column":9}},{"start":{},"end":{}}],"line":36},"1":{"loc":{"start":{"line":36,"column":12},"end":{"line":36,"column":61}},"type":"binary-expr","locations":[{"start":{"line":36,"column":12},"end":{"line":36,"column":40}},{"start":{"line":36,"column":44},"end":{"line":36,"column":61}}],"line":36},"2":{"loc":{"start":{"line":49,"column":34},"end":{"line":49,"column":52}},"type":"binary-expr","locations":[{"start":{"line":49,"column":34},"end":{"line":49,"column":39}},{"start":{"line":49,"column":43},"end":{"line":49,"column":52}}],"line":49},"3":{"loc":{"start":{"line":50,"column":8},"end":{"line":52,"column":9}},"type":"if","locations":[{"start":{"line":50,"column":8},"end":{"line":52,"column":9}},{"start":{},"end":{}}],"line":50},"4":{"loc":{"start":{"line":51,"column":46},"end":{"line":51,"column":64}},"type":"binary-expr","locations":[{"start":{"line":51,"column":46},"end":{"line":51,"column":51}},{"start":{"line":51,"column":55},"end":{"line":51,"column":64}}],"line":51},"5":{"loc":{"start":{"line":63,"column":28},"end":{"line":63,"column":46}},"type":"binary-expr","locations":[{"start":{"line":63,"column":28},"end":{"line":63,"column":33}},{"start":{"line":63,"column":37},"end":{"line":63,"column":46}}],"line":63}},"s":{"0":0,"1":0,"2":1,"3":1,"4":0,"5":1,"6":0,"7":0,"8":0,"9":0,"10":0,"11":0,"12":0},"f":{"0":0,"1":0,"2":1,"3":0,"4":0},"b":{"0":[0,1],"1":[1,1],"2":[0,0],"3":[0,0],"4":[0,0],"5":[0,0]},"_coverageSchema":"1a1c01bbd47fc00a2c39e90264f33305004495a9","hash":"90bcf6199a0950e69e6c7df3c301296294900a87"}
,"D:\\Projects\\DCPE - CC (March 2025)\\dcpe-js\\dcpe\\keys\\index.js": {"path":"D:\\Projects\\DCPE - CC (March 2025)\\dcpe-js\\dcpe\\keys\\index.js","statementMap":{"0":{"start":{"line":12,"column":8},"end":{"line":14,"column":9}},"1":{"start":{"line":13,"column":12},"end":{"line":13,"column":83}},"2":{"start":{"line":15,"column":8},"end":{"line":15,"column":33}},"3":{"start":{"line":23,"column":8},"end":{"line":23,"column":29}},"4":{"start":{"line":32,"column":8},"end":{"line":32,"column":86}},"5":{"start":{"line":40,"column":8},"end":{"line":40,"column":73}},"6":{"start":{"line":52,"column":8},"end":{"line":54,"column":9}},"7":{"start":{"line":53,"column":12},"end":{"line":53,"column":83}},"8":{"start":{"line":55,"column":8},"end":{"line":55,"column":29}},"9":{"start":{"line":63,"column":8},"end":{"line":63,"column":27}},"10":{"start":{"line":72,"column":8},"end":{"line":72,"column":78}},"11":{"start":{"line":80,"column":8},"end":{"line":80,"column":55}},"12":{"start":{"line":93,"column":8},"end":{"line":95,"column":9}},"13":{"start":{"line":94,"column":12},"end":{"line":94,"column":102}},"14":{"start":{"line":96,"column":8},"end":{"line":98,"column":9}},"15":{"start":{"line":97,"column":12},"end":{"line":97,"column":93}},"16":{"start":{"line":99,"column":8},"end":{"line":99,"column":43}},"17":{"start":{"line":100,"column":8},"end":{"line":100,"column":23}},"18":{"start":{"line":111,"column":8},"end":{"line":113,"column":9}},"19":{"start":{"line":112,"column":12},"end":{"line":112,"column":59}},"20":{"start":{"line":114,"column":8},"end":{"line":116,"column":9}},"21":{"start":{"line":115,"column":12},"end":{"line":115,"column":62}},"22":{"start":{"line":117,"column":8},"end":{"line":119,"column":9}},"23":{"start":{"line":118,"column":12},"end":{"line":118,"column":68}},"24":{"start":{"line":121,"column":24},"end":{"line":121,"column":77}},"25":{"start":{"line":122,"column":32},"end":{"line":122,"column":92}},"26":{"start":{"line":123,"column":8},"end":{"line":123,"column":54}},"27":{"start":{"line":133,"column":8},"end":{"line":135,"column":9}},"28":{"start":{"line":134,"column":12},"end":{"line":134,"column":82}},"29":{"start":{"line":137,"column":35},"end":{"line":137,"column":58}},"30":{"start":{"line":138,"column":33},"end":{"line":138,"column":57}},"31":{"start":{"line":141,"column":28},"end":{"line":141,"column":81}},"32":{"start":{"line":144,"column":33},"end":{"line":144,"column":60}},"33":{"start":{"line":146,"column":30},"end":{"line":146,"column":65}},"34":{"start":{"line":147,"column":30},"end":{"line":147,"column":65}},"35":{"start":{"line":149,"column":8},"end":{"line":149,"column":69}},"36":{"start":{"line":158,"column":8},"end":{"line":162,"column":10}},"37":{"start":{"line":170,"column":8},"end":{"line":170,"column":91}},"38":{"start":{"line":179,"column":4},"end":{"line":179,"column":53}}},"fnMap":{"0":{"name":"(anonymous_0)","decl":{"start":{"line":11,"column":4},"end":{"line":11,"column":5}},"loc":{"start":{"line":11,"column":26},"end":{"line":16,"column":5}},"line":11},"1":{"name":"(anonymous_1)","decl":{"start":{"line":22,"column":4},"end":{"line":22,"column":5}},"loc":{"start":{"line":22,"column":15},"end":{"line":24,"column":5}},"line":22},"2":{"name":"(anonymous_2)","decl":{"start":{"line":31,"column":4},"end":{"line":31,"column":5}},"loc":{"start":{"line":31,"column":18},"end":{"line":33,"column":5}},"line":31},"3":{"name":"(anonymous_3)","decl":{"start":{"line":39,"column":4},"end":{"line":39,"column":5}},"loc":{"start":{"line":39,"column":15},"end":{"line":41,"column":5}},"line":39},"4":{"name":"(anonymous_4)","decl":{"start":{"line":51,"column":4},"end":{"line":51,"column":5}},"loc":{"start":{"line":51,"column":24},"end":{"line":56,"column":5}},"line":51},"5":{"name":"(anonymous_5)","decl":{"start":{"line":62,"column":4},"end":{"line":62,"column":5}},"loc":{"start":{"line":62,"column":16},"end":{"line":64,"column":5}},"line":62},"6":{"name":"(anonymous_6)","decl":{"start":{"line":71,"column":4},"end":{"line":71,"column":5}},"loc":{"start":{"line":71,"column":18},"end":{"line":73,"column":5}},"line":71},"7":{"name":"(anonymous_7)","decl":{"start":{"line":79,"column":4},"end":{"line":79,"column":5}},"loc":{"start":{"line":79,"column":15},"end":{"line":81,"column":5}},"line":79},"8":{"name":"(anonymous_8)","decl":{"start":{"line":92,"column":4},"end":{"line":92,"column":5}},"loc":{"start":{"line":92,"column":36},"end":{"line":101,"column":5}},"line":92},"9":{"name":"(anonymous_9)","decl":{"start":{"line":110,"column":4},"end":{"line":110,"column":5}},"loc":{"start":{"line":110,"column":62},"end":{"line":124,"column":5}},"line":110},"10":{"name":"(anonymous_10)","decl":{"start":{"line":132,"column":4},"end":{"line":132,"column":5}},"loc":{"start":{"line":132,"column":38},"end":{"line":150,"column":5}},"line":132},"11":{"name":"(anonymous_11)","decl":{"start":{"line":157,"column":4},"end":{"line":157,"column":5}},"loc":{"start":{"line":157,"column":18},"end":{"line":163,"column":5}},"line":157},"12":{"name":"(anonymous_12)","decl":{"start":{"line":169,"column":4},"end":{"line":169,"column":5}},"loc":{"start":{"line":169,"column":15},"end":{"line":171,"column":5}},"line":169},"13":{"name":"generateRandomKey","decl":{"start":{"line":178,"column":9},"end":{"line":178,"column":26}},"loc":{"start":{"line":178,"column":29},"end":{"line":180,"column":1}},"line":178}},"branchMap":{"0":{"loc":{"start":{"line":12,"column":8},"end":{"line":14,"column":9}},"type":"if","locations":[{"start":{"line":12,"column":8},"end":{"line":14,"column":9}},{"start":{},"end":{}}],"line":12},"1":{"loc":{"start":{"line":32,"column":15},"end":{"line":32,"column":85}},"type":"binary-expr","locations":[{"start":{"line":32,"column":15},"end":{"line":32,"column":45}},{"start":{"line":32,"column":49},"end":{"line":32,"column":85}}],"line":32},"2":{"loc":{"start":{"line":52,"column":8},"end":{"line":54,"column":9}},"type":"if","locations":[{"start":{"line":52,"column":8},"end":{"line":54,"column":9}},{"start":{},"end":{}}],"line":52},"3":{"loc":{"start":{"line":72,"column":15},"end":{"line":72,"column":77}},"type":"binary-expr","locations":[{"start":{"line":72,"column":15},"end":{"line":72,"column":45}},{"start":{"line":72,"column":49},"end":{"line":72,"column":77}}],"line":72},"4":{"loc":{"start":{"line":93,"column":8},"end":{"line":95,"column":9}},"type":"if","locations":[{"start":{"line":93,"column":8},"end":{"line":95,"column":9}},{"start":{},"end":{}}],"line":93},"5":{"loc":{"start":{"line":96,"column":8},"end":{"line":98,"column":9}},"type":"if","locations":[{"start":{"line":96,"column":8},"end":{"line":98,"column":9}},{"start":{},"end":{}}],"line":96},"6":{"loc":{"start":{"line":111,"column":8},"end":{"line":113,"column":9}},"type":"if","locations":[{"start":{"line":111,"column":8},"end":{"line":113,"column":9}},{"start":{},"end":{}}],"line":111},"7":{"loc":{"start":{"line":114,"column":8},"end":{"line":116,"column":9}},"type":"if","locations":[{"start":{"line":114,"column":8},"end":{"line":116,"column":9}},{"start":{},"end":{}}],"line":114},"8":{"loc":{"start":{"line":117,"column":8},"end":{"line":119,"column":9}},"type":"if","locations":[{"start":{"line":117,"column":8},"end":{"line":119,"column":9}},{"start":{},"end":{}}],"line":117},"9":{"loc":{"start":{"line":133,"column":8},"end":{"line":135,"column":9}},"type":"if","locations":[{"start":{"line":133,"column":8},"end":{"line":135,"column":9}},{"start":{},"end":{}}],"line":133},"10":{"loc":{"start":{"line":159,"column":12},"end":{"line":161,"column":38}},"type":"binary-expr","locations":[{"start":{"line":159,"column":12},"end":{"line":159,"column":48}},{"start":{"line":160,"column":12},"end":{"line":160,"column":58}},{"start":{"line":161,"column":12},"end":{"line":161,"column":38}}],"line":159}},"s":{"0":41,"1":1,"2":40,"3":41,"4":2,"5":0,"6":18,"7":1,"8":17,"9":41,"10":0,"11":0,"12":17,"13":1,"14":16,"15":1,"16":15,"17":15,"18":1,"19":0,"20":1,"21":0,"22":1,"23":0,"24":1,"25":1,"26":1,"27":3,"28":1,"29":2,"30":2,"31":2,"32":2,"33":2,"34":2,"35":2,"36":0,"37":0,"38":1},"f":{"0":41,"1":41,"2":2,"3":0,"4":18,"5":41,"6":0,"7":0,"8":17,"9":1,"10":3,"11":0,"12":0,"13":1},"b":{"0":[1,40],"1":[2,2],"2":[1,17],"3":[0,0],"4":[1,16],"5":[1,15],"6":[0,1],"7":[0,1],"8":[0,1],"9":[1,2],"10":[0,0,0]},"_coverageSchema":"1a1c01bbd47fc00a2c39e90264f33305004495a9","hash":"418ff38dda30dfc6d57db15139846cf65f50fdd8"}
,"D:\\Projects\\DCPE - CC (March 2025)\\dcpe-js\\dcpe\\rag_encryption\\index.js": {"path":"D:\\Projects\\DCPE - CC (March 2025)\\dcpe-js\\dcpe\\rag_encryption\\index.js","statementMap":{"0":{"start":{"line":22,"column":4},"end":{"line":24,"column":5}},"1":{"start":{"line":23,"column":8},"end":{"line":23,"column":15}},"2":{"start":{"line":27,"column":4},"end":{"line":29,"column":5}},"3":{"start":{"line":28,"column":8},"end":{"line":28,"column":109}},"4":{"start":{"line":31,"column":4},"end":{"line":33,"column":5}},"5":{"start":{"line":32,"column":8},"end":{"line":32,"column":103}},"6":{"start":{"line":35,"column":4},"end":{"line":35,"column":64}},"7":{"start":{"line":43,"column":19},"end":{"line":43,"column":71}},"8":{"start":{"line":45,"column":4},"end":{"line":56,"column":9}},"9":{"start":{"line":48,"column":12},"end":{"line":50,"column":13}},"10":{"start":{"line":49,"column":16},"end":{"line":49,"column":77}},"11":{"start":{"line":51,"column":12},"end":{"line":51,"column":93}},"12":{"start":{"line":52,"column":15},"end":{"line":56,"column":9}},"13":{"start":{"line":53,"column":12},"end":{"line":53,"column":74}},"14":{"start":{"line":55,"column":12},"end":{"line":55,"column":108}},"15":{"start":{"line":57,"column":8},"end":{"line":57,"column":22}},"16":{"start":{"line":65,"column":8},"end":{"line":67,"column":9}},"17":{"start":{"line":66,"column":12},"end":{"line":66,"column":96}},"18":{"start":{"line":68,"column":8},"end":{"line":70,"column":9}},"19":{"start":{"line":69,"column":12},"end":{"line":69,"column":81}},"20":{"start":{"line":72,"column":8},"end":{"line":75,"column":10}},"21":{"start":{"line":76,"column":8},"end":{"line":76,"column":66}},"22":{"start":{"line":77,"column":8},"end":{"line":77,"column":75}},"23":{"start":{"line":78,"column":8},"end":{"line":78,"column":55}},"24":{"start":{"line":79,"column":8},"end":{"line":79,"column":33}},"25":{"start":{"line":80,"column":8},"end":{"line":80,"column":32}},"26":{"start":{"line":88,"column":8},"end":{"line":95,"column":9}},"27":{"start":{"line":89,"column":34},"end":{"line":89,"column":65}},"28":{"start":{"line":90,"column":12},"end":{"line":90,"column":72}},"29":{"start":{"line":91,"column":12},"end":{"line":91,"column":31}},"30":{"start":{"line":92,"column":12},"end":{"line":92,"column":43}},"31":{"start":{"line":94,"column":12},"end":{"line":94,"column":93}},"32":{"start":{"line":106,"column":8},"end":{"line":106,"column":64}},"33":{"start":{"line":107,"column":8},"end":{"line":107,"column":60}},"34":{"start":{"line":108,"column":8},"end":{"line":108,"column":78}},"35":{"start":{"line":112,"column":8},"end":{"line":128,"column":9}},"36":{"start":{"line":114,"column":12},"end":{"line":119,"column":13}},"37":{"start":{"line":115,"column":16},"end":{"line":115,"column":65}},"38":{"start":{"line":116,"column":16},"end":{"line":116,"column":38}},"39":{"start":{"line":118,"column":16},"end":{"line":118,"column":101}},"40":{"start":{"line":120,"column":15},"end":{"line":128,"column":9}},"41":{"start":{"line":122,"column":12},"end":{"line":124,"column":13}},"42":{"start":{"line":123,"column":16},"end":{"line":123,"column":102}},"43":{"start":{"line":125,"column":12},"end":{"line":125,"column":36}},"44":{"start":{"line":127,"column":12},"end":{"line":127,"column":94}},"45":{"start":{"line":131,"column":8},"end":{"line":134,"column":10}},"46":{"start":{"line":135,"column":8},"end":{"line":135,"column":59}},"47":{"start":{"line":136,"column":8},"end":{"line":136,"column":68}},"48":{"start":{"line":146,"column":8},"end":{"line":148,"column":9}},"49":{"start":{"line":146,"column":77},"end":{"line":146,"column":98}},"50":{"start":{"line":147,"column":12},"end":{"line":147,"column":88}},"51":{"start":{"line":151,"column":31},"end":{"line":151,"column":79}},"52":{"start":{"line":154,"column":30},"end":{"line":158,"column":9}},"53":{"start":{"line":161,"column":28},"end":{"line":165,"column":9}},"54":{"start":{"line":162,"column":84},"end":{"line":162,"column":103}},"55":{"start":{"line":166,"column":25},"end":{"line":166,"column":100}},"56":{"start":{"line":169,"column":8},"end":{"line":169,"column":52}},"57":{"start":{"line":179,"column":8},"end":{"line":181,"column":9}},"58":{"start":{"line":179,"column":77},"end":{"line":179,"column":98}},"59":{"start":{"line":180,"column":12},"end":{"line":180,"column":88}},"60":{"start":{"line":182,"column":8},"end":{"line":184,"column":9}},"61":{"start":{"line":183,"column":12},"end":{"line":183,"column":69}},"62":{"start":{"line":187,"column":48},"end":{"line":187,"column":89}},"63":{"start":{"line":188,"column":19},"end":{"line":188,"column":49}},"64":{"start":{"line":189,"column":30},"end":{"line":189,"column":57}},"65":{"start":{"line":192,"column":25},"end":{"line":192,"column":52}},"66":{"start":{"line":195,"column":31},"end":{"line":203,"column":9}},"67":{"start":{"line":206,"column":8},"end":{"line":206,"column":65}},"68":{"start":{"line":215,"column":8},"end":{"line":217,"column":9}},"69":{"start":{"line":216,"column":12},"end":{"line":216,"column":71}},"70":{"start":{"line":220,"column":20},"end":{"line":220,"column":69}},"71":{"start":{"line":222,"column":19},"end":{"line":222,"column":41}},"72":{"start":{"line":223,"column":23},"end":{"line":223,"column":68}},"73":{"start":{"line":224,"column":27},"end":{"line":224,"column":92}},"74":{"start":{"line":225,"column":20},"end":{"line":225,"column":39}},"75":{"start":{"line":227,"column":8},"end":{"line":227,"column":39}},"76":{"start":{"line":238,"column":8},"end":{"line":240,"column":9}},"77":{"start":{"line":239,"column":12},"end":{"line":239,"column":84}},"78":{"start":{"line":243,"column":20},"end":{"line":243,"column":69}},"79":{"start":{"line":245,"column":25},"end":{"line":245,"column":72}},"80":{"start":{"line":246,"column":8},"end":{"line":246,"column":33}},"81":{"start":{"line":247,"column":26},"end":{"line":247,"column":88}},"82":{"start":{"line":249,"column":8},"end":{"line":249,"column":42}},"83":{"start":{"line":259,"column":8},"end":{"line":261,"column":9}},"84":{"start":{"line":260,"column":12},"end":{"line":260,"column":70}},"85":{"start":{"line":264,"column":21},"end":{"line":264,"column":54}},"86":{"start":{"line":265,"column":21},"end":{"line":265,"column":64}},"87":{"start":{"line":266,"column":27},"end":{"line":271,"column":9}},"88":{"start":{"line":274,"column":21},"end":{"line":274,"column":60}},"89":{"start":{"line":275,"column":8},"end":{"line":275,"column":52}},"90":{"start":{"line":276,"column":35},"end":{"line":276,"column":64}},"91":{"start":{"line":279,"column":23},"end":{"line":279,"column":91}},"92":{"start":{"line":280,"column":27},"end":{"line":280,"column":92}},"93":{"start":{"line":281,"column":20},"end":{"line":281,"column":39}},"94":{"start":{"line":284,"column":8},"end":{"line":284,"column":68}},"95":{"start":{"line":293,"column":8},"end":{"line":295,"column":9}},"96":{"start":{"line":294,"column":12},"end":{"line":294,"column":75}},"97":{"start":{"line":297,"column":8},"end":{"line":299,"column":9}},"98":{"start":{"line":298,"column":12},"end":{"line":298,"column":68}},"99":{"start":{"line":302,"column":22},"end":{"line":302,"column":51}},"100":{"start":{"line":303,"column":27},"end":{"line":303,"column":80}},"101":{"start":{"line":304,"column":20},"end":{"line":304,"column":69}},"102":{"start":{"line":307,"column":21},"end":{"line":307,"column":54}},"103":{"start":{"line":308,"column":21},"end":{"line":308,"column":64}},"104":{"start":{"line":309,"column":27},"end":{"line":314,"column":9}},"105":{"start":{"line":317,"column":8},"end":{"line":324,"column":9}},"106":{"start":{"line":318,"column":29},"end":{"line":318,"column":86}},"107":{"start":{"line":319,"column":12},"end":{"line":319,"column":37}},"108":{"start":{"line":320,"column":30},"end":{"line":320,"column":92}},"109":{"start":{"line":321,"column":12},"end":{"line":321,"column":46}},"110":{"start":{"line":323,"column":12},"end":{"line":323,"column":89}}},"fnMap":{"0":{"name":"(anonymous_0)","decl":{"start":{"line":20,"column":0},"end":{"line":20,"column":1}},"loc":{"start":{"line":20,"column":120},"end":{"line":36,"column":1}},"line":20},"1":{"name":"(anonymous_1)","decl":{"start":{"line":41,"column":0},"end":{"line":41,"column":1}},"loc":{"start":{"line":41,"column":103},"end":{"line":58,"column":5}},"line":41},"2":{"name":"(anonymous_2)","decl":{"start":{"line":64,"column":4},"end":{"line":64,"column":5}},"loc":{"start":{"line":64,"column":59},"end":{"line":81,"column":5}},"line":64},"3":{"name":"(anonymous_3)","decl":{"start":{"line":87,"column":4},"end":{"line":87,"column":5}},"loc":{"start":{"line":87,"column":78},"end":{"line":96,"column":5}},"line":87},"4":{"name":"(anonymous_4)","decl":{"start":{"line":104,"column":4},"end":{"line":104,"column":5}},"loc":{"start":{"line":104,"column":60},"end":{"line":137,"column":5}},"line":104},"5":{"name":"(anonymous_5)","decl":{"start":{"line":145,"column":4},"end":{"line":145,"column":5}},"loc":{"start":{"line":145,"column":35},"end":{"line":170,"column":5}},"line":145},"6":{"name":"(anonymous_6)","decl":{"start":{"line":146,"column":70},"end":{"line":146,"column":71}},"loc":{"start":{"line":146,"column":77},"end":{"line":146,"column":98}},"line":146},"7":{"name":"(anonymous_7)","decl":{"start":{"line":162,"column":74},"end":{"line":162,"column":75}},"loc":{"start":{"line":162,"column":84},"end":{"line":162,"column":103}},"line":162},"8":{"name":"(anonymous_8)","decl":{"start":{"line":178,"column":4},"end":{"line":178,"column":5}},"loc":{"start":{"line":178,"column":50},"end":{"line":207,"column":5}},"line":178},"9":{"name":"(anonymous_9)","decl":{"start":{"line":179,"column":70},"end":{"line":179,"column":71}},"loc":{"start":{"line":179,"column":77},"end":{"line":179,"column":98}},"line":179},"10":{"name":"(anonymous_10)","decl":{"start":{"line":214,"column":4},"end":{"line":214,"column":5}},"loc":{"start":{"line":214,"column":27},"end":{"line":228,"column":5}},"line":214},"11":{"name":"(anonymous_11)","decl":{"start":{"line":237,"column":4},"end":{"line":237,"column":5}},"loc":{"start":{"line":237,"column":37},"end":{"line":250,"column":5}},"line":237},"12":{"name":"(anonymous_12)","decl":{"start":{"line":258,"column":4},"end":{"line":258,"column":5}},"loc":{"start":{"line":258,"column":40},"end":{"line":285,"column":5}},"line":258},"13":{"name":"(anonymous_13)","decl":{"start":{"line":292,"column":4},"end":{"line":292,"column":5}},"loc":{"start":{"line":292,"column":44},"end":{"line":325,"column":5}},"line":292}},"branchMap":{"0":{"loc":{"start":{"line":20,"column":12},"end":{"line":20,"column":32}},"type":"default-arg","locations":[{"start":{"line":20,"column":28},"end":{"line":20,"column":32}}],"line":20},"1":{"loc":{"start":{"line":20,"column":34},"end":{"line":20,"column":59}},"type":"default-arg","locations":[{"start":{"line":20,"column":56},"end":{"line":20,"column":59}}],"line":20},"2":{"loc":{"start":{"line":20,"column":61},"end":{"line":20,"column":79}},"type":"default-arg","locations":[{"start":{"line":20,"column":75},"end":{"line":20,"column":79}}],"line":20},"3":{"loc":{"start":{"line":20,"column":81},"end":{"line":20,"column":93}},"type":"default-arg","locations":[{"start":{"line":20,"column":89},"end":{"line":20,"column":93}}],"line":20},"4":{"loc":{"start":{"line":20,"column":95},"end":{"line":20,"column":118}},"type":"default-arg","locations":[{"start":{"line":20,"column":113},"end":{"line":20,"column":118}}],"line":20},"5":{"loc":{"start":{"line":22,"column":4},"end":{"line":24,"column":5}},"type":"if","locations":[{"start":{"line":22,"column":4},"end":{"line":24,"column":5}},{"start":{},"end":{}}],"line":22},"6":{"loc":{"start":{"line":27,"column":4},"end":{"line":29,"column":5}},"type":"if","locations":[{"start":{"line":27,"column":4},"end":{"line":29,"column":5}},{"start":{},"end":{}}],"line":27},"7":{"loc":{"start":{"line":27,"column":8},"end":{"line":27,"column":28}},"type":"binary-expr","locations":[{"start":{"line":27,"column":8},"end":{"line":27,"column":19}},{"start":{"line":27,"column":23},"end":{"line":27,"column":28}}],"line":27},"8":{"loc":{"start":{"line":31,"column":4},"end":{"line":33,"column":5}},"type":"if","locations":[{"start":{"line":31,"column":4},"end":{"line":33,"column":5}},{"start":{},"end":{}}],"line":31},"9":{"loc":{"start":{"line":41,"column":20},"end":{"line":41,"column":40}},"type":"default-arg","locations":[{"start":{"line":41,"column":36},"end":{"line":41,"column":40}}],"line":41},"10":{"loc":{"start":{"line":41,"column":42},"end":{"line":41,"column":67}},"type":"default-arg","locations":[{"start":{"line":41,"column":64},"end":{"line":41,"column":67}}],"line":41},"11":{"loc":{"start":{"line":41,"column":69},"end":{"line":41,"column":87}},"type":"default-arg","locations":[{"start":{"line":41,"column":83},"end":{"line":41,"column":87}}],"line":41},"12":{"loc":{"start":{"line":41,"column":89},"end":{"line":41,"column":101}},"type":"default-arg","locations":[{"start":{"line":41,"column":97},"end":{"line":41,"column":101}}],"line":41},"13":{"loc":{"start":{"line":45,"column":4},"end":{"line":56,"column":9}},"type":"if","locations":[{"start":{"line":45,"column":4},"end":{"line":56,"column":9}},{"start":{"line":52,"column":15},"end":{"line":56,"column":9}}],"line":45},"14":{"loc":{"start":{"line":45,"column":8},"end":{"line":45,"column":28}},"type":"binary-expr","locations":[{"start":{"line":45,"column":8},"end":{"line":45,"column":19}},{"start":{"line":45,"column":23},"end":{"line":45,"column":28}}],"line":45},"15":{"loc":{"start":{"line":48,"column":12},"end":{"line":50,"column":13}},"type":"if","locations":[{"start":{"line":48,"column":12},"end":{"line":50,"column":13}},{"start":{},"end":{}}],"line":48},"16":{"loc":{"start":{"line":52,"column":15},"end":{"line":56,"column":9}},"type":"if","locations":[{"start":{"line":52,"column":15},"end":{"line":56,"column":9}},{"start":{"line":54,"column":15},"end":{"line":56,"column":9}}],"line":52},"17":{"loc":{"start":{"line":65,"column":8},"end":{"line":67,"column":9}},"type":"if","locations":[{"start":{"line":65,"column":8},"end":{"line":67,"column":9}},{"start":{},"end":{}}],"line":65},"18":{"loc":{"start":{"line":65,"column":12},"end":{"line":65,"column":72}},"type":"binary-expr","locations":[{"start":{"line":65,"column":12},"end":{"line":65,"column":43}},{"start":{"line":65,"column":47},"end":{"line":65,"column":72}}],"line":65},"19":{"loc":{"start":{"line":68,"column":8},"end":{"line":70,"column":9}},"type":"if","locations":[{"start":{"line":68,"column":8},"end":{"line":70,"column":9}},{"start":{},"end":{}}],"line":68},"20":{"loc":{"start":{"line":104,"column":20},"end":{"line":104,"column":41}},"type":"default-arg","locations":[{"start":{"line":104,"column":37},"end":{"line":104,"column":41}}],"line":104},"21":{"loc":{"start":{"line":104,"column":43},"end":{"line":104,"column":58}},"type":"default-arg","locations":[{"start":{"line":104,"column":54},"end":{"line":104,"column":58}}],"line":104},"22":{"loc":{"start":{"line":112,"column":8},"end":{"line":128,"column":9}},"type":"if","locations":[{"start":{"line":112,"column":8},"end":{"line":128,"column":9}},{"start":{"line":120,"column":15},"end":{"line":128,"column":9}}],"line":112},"23":{"loc":{"start":{"line":112,"column":12},"end":{"line":112,"column":40}},"type":"binary-expr","locations":[{"start":{"line":112,"column":12},"end":{"line":112,"column":28}},{"start":{"line":112,"column":32},"end":{"line":112,"column":40}}],"line":112},"24":{"loc":{"start":{"line":120,"column":15},"end":{"line":128,"column":9}},"type":"if","locations":[{"start":{"line":120,"column":15},"end":{"line":128,"column":9}},{"start":{"line":126,"column":15},"end":{"line":128,"column":9}}],"line":120},"25":{"loc":{"start":{"line":122,"column":12},"end":{"line":124,"column":13}},"type":"if","locations":[{"start":{"line":122,"column":12},"end":{"line":124,"column":13}},{"start":{},"end":{}}],"line":122},"26":{"loc":{"start":{"line":122,"column":16},"end":{"line":122,"column":78}},"type":"binary-expr","locations":[{"start":{"line":122,"column":16},"end":{"line":122,"column":48}},{"start":{"line":122,"column":52},"end":{"line":122,"column":78}}],"line":122},"27":{"loc":{"start":{"line":146,"column":8},"end":{"line":148,"column":9}},"type":"if","locations":[{"start":{"line":146,"column":8},"end":{"line":148,"column":9}},{"start":{},"end":{}}],"line":146},"28":{"loc":{"start":{"line":146,"column":12},"end":{"line":146,"column":99}},"type":"binary-expr","locations":[{"start":{"line":146,"column":12},"end":{"line":146,"column":43}},{"start":{"line":146,"column":47},"end":{"line":146,"column":99}}],"line":146},"29":{"loc":{"start":{"line":162,"column":13},"end":{"line":162,"column":111}},"type":"cond-expr","locations":[{"start":{"line":162,"column":46},"end":{"line":162,"column":107}},{"start":{"line":162,"column":110},"end":{"line":162,"column":111}}],"line":162},"30":{"loc":{"start":{"line":179,"column":8},"end":{"line":181,"column":9}},"type":"if","locations":[{"start":{"line":179,"column":8},"end":{"line":181,"column":9}},{"start":{},"end":{}}],"line":179},"31":{"loc":{"start":{"line":179,"column":12},"end":{"line":179,"column":99}},"type":"binary-expr","locations":[{"start":{"line":179,"column":12},"end":{"line":179,"column":43}},{"start":{"line":179,"column":47},"end":{"line":179,"column":99}}],"line":179},"32":{"loc":{"start":{"line":182,"column":8},"end":{"line":184,"column":9}},"type":"if","locations":[{"start":{"line":182,"column":8},"end":{"line":184,"column":9}},{"start":{},"end":{}}],"line":182},"33":{"loc":{"start":{"line":215,"column":8},"end":{"line":217,"column":9}},"type":"if","locations":[{"start":{"line":215,"column":8},"end":{"line":217,"column":9}},{"start":{},"end":{}}],"line":215},"34":{"loc":{"start":{"line":238,"column":8},"end":{"line":240,"column":9}},"type":"if","locations":[{"start":{"line":238,"column":8},"end":{"line":240,"column":9}},{"start":{},"end":{}}],"line":238},"35":{"loc":{"start":{"line":238,"column":12},"end":{"line":238,"column":89}},"type":"binary-expr","locations":[{"start":{"line":238,"column":12},"end":{"line":238,"column":40}},{"start":{"line":238,"column":44},"end":{"line":238,"column":64}},{"start":{"line":238,"column":68},"end":{"line":238,"column":89}}],"line":238},"36":{"loc":{"start":{"line":259,"column":8},"end":{"line":261,"column":9}},"type":"if","locations":[{"start":{"line":259,"column":8},"end":{"line":261,"column":9}},{"start":{},"end":{}}],"line":259},"37":{"loc":{"start":{"line":293,"column":8},"end":{"line":295,"column":9}},"type":"if","locations":[{"start":{"line":293,"column":8},"end":{"line":295,"column":9}},{"start":{},"end":{}}],"line":293},"38":{"loc":{"start":{"line":297,"column":8},"end":{"line":299,"column":9}},"type":"if","locations":[{"start":{"line":297,"column":8},"end":{"line":299,"column":9}},{"start":{},"end":{}}],"line":297}},"s":{"0":8,"1":2,"2":6,"3":0,"4":6,"5":0,"6":6,"7":2,"8":2,"9":2,"10":0,"11":2,"12":0,"13":0,"14":0,"15":2,"16":8,"17":0,"18":8,"19":0,"20":8,"21":8,"22":8,"23":8,"24":8,"25":8,"26":2,"27":2,"28":2,"29":2,"30":2,"31":0,"32":2,"33":2,"34":2,"35":2,"36":1,"37":1,"38":1,"39":0,"40":1,"41":1,"42":0,"43":1,"44":0,"45":2,"46":2,"47":2,"48":1,"49":3,"50":0,"51":1,"52":1,"53":1,"54":9,"55":1,"56":1,"57":1,"58":3,"59":0,"60":1,"61":0,"62":1,"63":1,"64":1,"65":1,"66":1,"67":1,"68":1,"69":0,"70":1,"71":1,"72":1,"73":1,"74":1,"75":1,"76":1,"77":0,"78":1,"79":1,"80":1,"81":1,"82":1,"83":7,"84":0,"85":7,"86":7,"87":7,"88":7,"89":7,"90":7,"91":7,"92":7,"93":7,"94":7,"95":3,"96":0,"97":3,"98":0,"99":3,"100":3,"101":3,"102":3,"103":3,"104":3,"105":3,"106":3,"107":3,"108":3,"109":2,"110":1},"f":{"0":8,"1":2,"2":8,"3":2,"4":2,"5":1,"6":3,"7":9,"8":1,"9":3,"10":1,"11":1,"12":7,"13":3},"b":{"0":[0],"1":[5],"2":[6],"3":[6],"4":[6],"5":[2,6],"6":[0,6],"7":[6,6],"8":[0,6],"9":[0],"10":[0],"11":[0],"12":[0],"13":[2,0],"14":[2,2],"15":[0,2],"16":[0,0],"17":[0,8],"18":[8,8],"19":[0,8],"20":[0],"21":[1],"22":[1,1],"23":[2,1],"24":[1,0],"25":[0,1],"26":[1,1],"27":[0,1],"28":[1,1],"29":[1,0],"30":[0,1],"31":[1,1],"32":[0,1],"33":[0,1],"34":[0,1],"35":[1,1,1],"36":[0,7],"37":[0,3],"38":[0,3]},"_coverageSchema":"1a1c01bbd47fc00a2c39e90264f33305004495a9","hash":"635c04f998159cca0c9d48a8d0805c91756398da"}
}
