TN:
SF:dcpe\crypto\hkdf.js
FN:12,hkdf
FNF:1
FNH:1
FNDA:18,hkdf
DA:13,18
DA:14,1
DA:18,17
DA:19,17
DA:22,17
DA:25,17
DA:26,17
DA:27,17
DA:28,17
DA:30,17
DA:31,17
DA:32,17
DA:34,17
DA:35,17
DA:37,17
DA:38,17
DA:39,17
DA:42,17
LF:18
LH:18
BRDA:13,0,0,1
BRDA:13,0,1,17
BRDA:18,1,0,17
BRDA:18,1,1,2
BRDA:19,2,0,17
BRDA:19,2,1,2
BRF:6
BRH:6
end_of_record
TN:
SF:dcpe\crypto\index.js
FN:16,(anonymous_0)
FN:26,(anonymous_1)
FN:30,(anonymous_2)
FN:34,(anonymous_3)
FN:44,sampleNormalVector
FN:45,(anonymous_5)
FN:66,sampleUniformPoint
FN:79,calculateUniformPointInBall
FN:90,normalizeVector
FN:92,(anonymous_9)
FN:103,generateNoiseVector
FN:133,createRngFromKey
FN:134,(anonymous_12)
FN:148,shuffle
FN:157,(anonymous_14)
FN:164,(anonymous_15)
FN:189,unshuffle
FN:198,(anonymous_17)
FN:211,(anonymous_18)
FN:222,computeAuthHash
FN:227,(anonymous_20)
FN:240,encryptVector
FN:247,(anonymous_22)
FN:249,(anonymous_23)
FN:265,decryptVector
FN:277,(anonymous_25)
FNF:26
FNH:25
FNDA:14,(anonymous_0)
FNDA:7,(anonymous_1)
FNDA:4,(anonymous_2)
FNDA:0,(anonymous_3)
FNDA:9,sampleNormalVector
FNDA:48,(anonymous_5)
FNDA:17,sampleUniformPoint
FNDA:6,calculateUniformPointInBall
FNDA:6,normalizeVector
FNDA:18,(anonymous_9)
FNDA:8,generateNoiseVector
FNDA:5,createRngFromKey
FNDA:16,(anonymous_12)
FNDA:5,shuffle
FNDA:13,(anonymous_14)
FNDA:13,(anonymous_15)
FNDA:4,unshuffle
FNDA:8,(anonymous_17)
FNDA:8,(anonymous_18)
FNDA:10,computeAuthHash
FNDA:27,(anonymous_20)
FNDA:5,encryptVector
FNDA:9,(anonymous_22)
FNDA:9,(anonymous_23)
FNDA:4,decryptVector
FNDA:6,(anonymous_25)
DA:7,3
DA:10,3
DA:17,14
DA:18,0
DA:20,14
DA:21,0
DA:23,14
DA:27,7
DA:31,4
DA:35,0
DA:45,9
DA:47,48
DA:48,48
DA:49,48
DA:50,48
DA:51,48
DA:52,48
DA:67,17
DA:68,17
DA:80,6
DA:81,6
DA:91,6
DA:92,18
DA:104,8
DA:105,1
DA:107,7
DA:108,1
DA:110,6
DA:111,0
DA:113,6
DA:114,0
DA:117,6
DA:118,6
DA:119,6
DA:120,6
DA:134,5
DA:135,16
DA:136,16
DA:137,16
DA:138,16
DA:149,5
DA:150,2
DA:154,3
DA:157,13
DA:158,3
DA:159,10
DA:160,10
DA:164,13
DA:190,4
DA:191,2
DA:195,2
DA:198,8
DA:199,2
DA:200,6
DA:201,6
DA:205,2
DA:206,2
DA:207,8
DA:211,8
DA:223,10
DA:224,10
DA:225,10
DA:226,10
DA:227,10
DA:228,27
DA:230,9
DA:241,5
DA:242,1
DA:245,3
DA:246,3
DA:247,9
DA:249,9
DA:250,0
DA:253,3
DA:255,3
DA:266,4
DA:267,0
DA:270,4
DA:272,3
DA:273,1
DA:276,2
DA:277,6
LF:82
LH:75
BRDA:17,0,0,0
BRDA:17,0,1,14
BRDA:20,1,0,0
BRDA:20,1,1,14
BRDA:31,2,0,4
BRDA:31,2,1,3
BRDA:104,3,0,1
BRDA:104,3,1,7
BRDA:107,4,0,1
BRDA:107,4,1,6
BRDA:107,5,0,7
BRDA:107,5,1,6
BRDA:110,6,0,0
BRDA:110,6,1,6
BRDA:110,7,0,6
BRDA:110,7,1,6
BRDA:113,8,0,0
BRDA:113,8,1,6
BRDA:113,9,0,6
BRDA:113,9,1,6
BRDA:149,10,0,2
BRDA:149,10,1,3
BRDA:149,11,0,5
BRDA:149,11,1,4
BRDA:190,12,0,2
BRDA:190,12,1,2
BRDA:190,13,0,4
BRDA:190,13,1,3
BRDA:241,14,0,1
BRDA:241,14,1,3
BRDA:249,15,0,0
BRDA:249,15,1,3
BRDA:266,16,0,0
BRDA:266,16,1,4
BRDA:272,17,0,1
BRDA:272,17,1,2
BRF:36
BRH:30
end_of_record
TN:
SF:dcpe\exceptions\index.js
FN:7,(anonymous_0)
FN:15,(anonymous_1)
FN:23,(anonymous_2)
FN:31,(anonymous_3)
FN:39,(anonymous_4)
FN:47,(anonymous_5)
FN:55,(anonymous_6)
FN:64,(anonymous_7)
FN:74,(anonymous_8)
FN:83,(anonymous_9)
FN:91,(anonymous_10)
FN:99,(anonymous_11)
FN:128,(anonymous_12)
FNF:13
FNH:13
FNDA:21,(anonymous_0)
FNDA:2,(anonymous_1)
FNDA:3,(anonymous_2)
FNDA:4,(anonymous_3)
FNDA:3,(anonymous_4)
FNDA:4,(anonymous_5)
FNDA:1,(anonymous_6)
FNDA:1,(anonymous_7)
FNDA:1,(anonymous_8)
FNDA:1,(anonymous_9)
FNDA:1,(anonymous_10)
FNDA:1,(anonymous_11)
FNDA:1,(anonymous_12)
DA:8,21
DA:9,21
DA:16,2
DA:17,2
DA:24,3
DA:25,3
DA:32,4
DA:33,4
DA:40,3
DA:41,3
DA:48,4
DA:49,4
DA:56,1
DA:57,1
DA:58,1
DA:65,1
DA:66,1
DA:67,1
DA:75,1
DA:76,1
DA:77,1
DA:84,1
DA:85,1
DA:92,1
DA:93,1
DA:100,1
DA:101,1
DA:129,1
DA:130,1
DA:131,1
DA:132,1
DA:133,1
LF:32
LH:32
BRDA:7,0,0,1
BRDA:15,1,0,1
BRDA:23,2,0,0
BRDA:31,3,0,0
BRDA:39,4,0,0
BRDA:47,5,0,0
BRDA:55,6,0,0
BRDA:64,7,0,0
BRDA:74,8,0,1
BRDA:83,9,0,1
BRDA:91,10,0,1
BRDA:99,11,0,1
BRDA:128,12,0,0
BRF:13
BRH:6
end_of_record
TN:
SF:dcpe\headers\index.js
FN:31,(anonymous_0)
FN:53,(anonymous_1)
FN:61,(anonymous_2)
FN:74,(anonymous_3)
FN:95,(anonymous_4)
FN:106,(anonymous_5)
FN:130,(anonymous_6)
FN:153,encodeVectorMetadata
FN:166,decodeVersionPrefixedValue
FNF:9
FNH:9
FNDA:21,(anonymous_0)
FNDA:1,(anonymous_1)
FNDA:9,(anonymous_2)
FNDA:9,(anonymous_3)
FNDA:9,(anonymous_4)
FNDA:7,(anonymous_5)
FNDA:4,(anonymous_6)
FNDA:3,encodeVectorMetadata
FNDA:4,decodeVersionPrefixedValue
DA:7,2
DA:16,2
DA:32,21
DA:33,1
DA:35,20
DA:36,1
DA:38,19
DA:39,1
DA:41,18
DA:42,18
DA:43,18
DA:54,1
DA:62,9
DA:63,9
DA:64,9
DA:65,9
DA:66,9
DA:75,9
DA:76,1
DA:79,8
DA:80,8
DA:81,8
DA:83,8
DA:84,1
DA:87,7
DA:88,7
DA:96,9
DA:97,9
DA:98,9
DA:107,7
DA:108,7
DA:110,7
DA:111,7
DA:113,7
DA:114,0
DA:117,7
DA:131,4
DA:132,1
DA:134,3
DA:135,1
DA:137,2
DA:138,1
DA:140,1
DA:141,1
DA:142,1
DA:154,3
DA:167,4
DA:168,1
DA:171,3
DA:172,3
DA:173,3
DA:175,3
LF:52
LH:51
BRDA:32,0,0,1
BRDA:32,0,1,20
BRDA:35,1,0,1
BRDA:35,1,1,19
BRDA:38,2,0,1
BRDA:38,2,1,18
BRDA:75,3,0,1
BRDA:75,3,1,8
BRDA:83,4,0,1
BRDA:83,4,1,7
BRDA:113,5,0,0
BRDA:113,5,1,7
BRDA:113,6,0,7
BRDA:113,6,1,7
BRDA:131,7,0,1
BRDA:131,7,1,3
BRDA:134,8,0,1
BRDA:134,8,1,2
BRDA:137,9,0,1
BRDA:137,9,1,1
BRDA:167,10,0,1
BRDA:167,10,1,3
BRF:22
BRH:21
end_of_record
TN:
SF:dcpe\key_provider\index.js
FN:11,(anonymous_0)
FN:22,(anonymous_1)
FN:34,(anonymous_2)
FN:48,(anonymous_3)
FN:62,(anonymous_4)
FNF:5
FNH:1
FNDA:0,(anonymous_0)
FNDA:0,(anonymous_1)
FNDA:1,(anonymous_2)
FNDA:0,(anonymous_3)
FNDA:0,(anonymous_4)
DA:12,0
DA:23,0
DA:35,1
DA:36,1
DA:37,0
DA:39,1
DA:49,0
DA:50,0
DA:51,0
DA:53,0
DA:63,0
DA:64,0
DA:65,0
LF:13
LH:3
BRDA:36,0,0,0
BRDA:36,0,1,1
BRDA:36,1,0,1
BRDA:36,1,1,1
BRDA:49,2,0,0
BRDA:49,2,1,0
BRDA:50,3,0,0
BRDA:50,3,1,0
BRDA:51,4,0,0
BRDA:51,4,1,0
BRDA:63,5,0,0
BRDA:63,5,1,0
BRF:12
BRH:3
end_of_record
TN:
SF:dcpe\keys\index.js
FN:11,(anonymous_0)
FN:22,(anonymous_1)
FN:31,(anonymous_2)
FN:39,(anonymous_3)
FN:51,(anonymous_4)
FN:62,(anonymous_5)
FN:71,(anonymous_6)
FN:79,(anonymous_7)
FN:92,(anonymous_8)
FN:110,(anonymous_9)
FN:132,(anonymous_10)
FN:157,(anonymous_11)
FN:169,(anonymous_12)
FN:178,generateRandomKey
FNF:14
FNH:9
FNDA:41,(anonymous_0)
FNDA:41,(anonymous_1)
FNDA:2,(anonymous_2)
FNDA:0,(anonymous_3)
FNDA:18,(anonymous_4)
FNDA:41,(anonymous_5)
FNDA:0,(anonymous_6)
FNDA:0,(anonymous_7)
FNDA:17,(anonymous_8)
FNDA:1,(anonymous_9)
FNDA:3,(anonymous_10)
FNDA:0,(anonymous_11)
FNDA:0,(anonymous_12)
FNDA:1,generateRandomKey
DA:12,41
DA:13,1
DA:15,40
DA:23,41
DA:32,2
DA:40,0
DA:52,18
DA:53,1
DA:55,17
DA:63,41
DA:72,0
DA:80,0
DA:93,17
DA:94,1
DA:96,16
DA:97,1
DA:99,15
DA:100,15
DA:111,1
DA:112,0
DA:114,1
DA:115,0
DA:117,1
DA:118,0
DA:121,1
DA:122,1
DA:123,1
DA:133,3
DA:134,1
DA:137,2
DA:138,2
DA:141,2
DA:144,2
DA:146,2
DA:147,2
DA:149,2
DA:158,0
DA:170,0
DA:179,1
LF:39
LH:31
BRDA:12,0,0,1
BRDA:12,0,1,40
BRDA:32,1,0,2
BRDA:32,1,1,2
BRDA:52,2,0,1
BRDA:52,2,1,17
BRDA:72,3,0,0
BRDA:72,3,1,0
BRDA:93,4,0,1
BRDA:93,4,1,16
BRDA:96,5,0,1
BRDA:96,5,1,15
BRDA:111,6,0,0
BRDA:111,6,1,1
BRDA:114,7,0,0
BRDA:114,7,1,1
BRDA:117,8,0,0
BRDA:117,8,1,1
BRDA:133,9,0,1
BRDA:133,9,1,2
BRDA:159,10,0,0
BRDA:159,10,1,0
BRDA:159,10,2,0
BRF:23
BRH:15
end_of_record
TN:
SF:dcpe\rag_encryption\index.js
FN:20,(anonymous_0)
FN:41,(anonymous_1)
FN:64,(anonymous_2)
FN:87,(anonymous_3)
FN:104,(anonymous_4)
FN:145,(anonymous_5)
FN:146,(anonymous_6)
FN:162,(anonymous_7)
FN:178,(anonymous_8)
FN:179,(anonymous_9)
FN:214,(anonymous_10)
FN:237,(anonymous_11)
FN:258,(anonymous_12)
FN:292,(anonymous_13)
FNF:14
FNH:14
FNDA:8,(anonymous_0)
FNDA:2,(anonymous_1)
FNDA:8,(anonymous_2)
FNDA:2,(anonymous_3)
FNDA:2,(anonymous_4)
FNDA:1,(anonymous_5)
FNDA:3,(anonymous_6)
FNDA:9,(anonymous_7)
FNDA:1,(anonymous_8)
FNDA:3,(anonymous_9)
FNDA:1,(anonymous_10)
FNDA:1,(anonymous_11)
FNDA:7,(anonymous_12)
FNDA:3,(anonymous_13)
DA:22,8
DA:23,2
DA:27,6
DA:28,0
DA:31,6
DA:32,0
DA:35,6
DA:43,2
DA:45,2
DA:48,2
DA:49,0
DA:51,2
DA:52,0
DA:53,0
DA:55,0
DA:57,2
DA:65,8
DA:66,0
DA:68,8
DA:69,0
DA:72,8
DA:76,8
DA:77,8
DA:78,8
DA:79,8
DA:80,8
DA:88,2
DA:89,2
DA:90,2
DA:91,2
DA:92,2
DA:94,0
DA:106,2
DA:107,2
DA:108,2
DA:112,2
DA:114,1
DA:115,1
DA:116,1
DA:118,0
DA:120,1
DA:122,1
DA:123,0
DA:125,1
DA:127,0
DA:131,2
DA:135,2
DA:136,2
DA:146,3
DA:147,0
DA:151,1
DA:154,1
DA:161,1
DA:162,9
DA:166,1
DA:169,1
DA:179,3
DA:180,0
DA:182,1
DA:183,0
DA:187,1
DA:188,1
DA:189,1
DA:192,1
DA:195,1
DA:206,1
DA:215,1
DA:216,0
DA:220,1
DA:222,1
DA:223,1
DA:224,1
DA:225,1
DA:227,1
DA:238,1
DA:239,0
DA:243,1
DA:245,1
DA:246,1
DA:247,1
DA:249,1
DA:259,7
DA:260,0
DA:264,7
DA:265,7
DA:266,7
DA:274,7
DA:275,7
DA:276,7
DA:279,7
DA:280,7
DA:281,7
DA:284,7
DA:293,3
DA:294,0
DA:297,3
DA:298,0
DA:302,3
DA:303,3
DA:304,3
DA:307,3
DA:308,3
DA:309,3
DA:317,3
DA:318,3
DA:319,3
DA:320,3
DA:321,2
DA:323,1
LF:109
LH:89
BRDA:20,0,0,0
BRDA:20,1,0,5
BRDA:20,2,0,6
BRDA:20,3,0,6
BRDA:20,4,0,6
BRDA:22,5,0,2
BRDA:22,5,1,6
BRDA:27,6,0,0
BRDA:27,6,1,6
BRDA:27,7,0,6
BRDA:27,7,1,6
BRDA:31,8,0,0
BRDA:31,8,1,6
BRDA:41,9,0,0
BRDA:41,10,0,0
BRDA:41,11,0,0
BRDA:41,12,0,0
BRDA:45,13,0,2
BRDA:45,13,1,0
BRDA:45,14,0,2
BRDA:45,14,1,2
BRDA:48,15,0,0
BRDA:48,15,1,2
BRDA:52,16,0,0
BRDA:52,16,1,0
BRDA:65,17,0,0
BRDA:65,17,1,8
BRDA:65,18,0,8
BRDA:65,18,1,8
BRDA:68,19,0,0
BRDA:68,19,1,8
BRDA:104,20,0,0
BRDA:104,21,0,1
BRDA:112,22,0,1
BRDA:112,22,1,1
BRDA:112,23,0,2
BRDA:112,23,1,1
BRDA:120,24,0,1
BRDA:120,24,1,0
BRDA:122,25,0,0
BRDA:122,25,1,1
BRDA:122,26,0,1
BRDA:122,26,1,1
BRDA:146,27,0,0
BRDA:146,27,1,1
BRDA:146,28,0,1
BRDA:146,28,1,1
BRDA:162,29,0,1
BRDA:162,29,1,0
BRDA:179,30,0,0
BRDA:179,30,1,1
BRDA:179,31,0,1
BRDA:179,31,1,1
BRDA:182,32,0,0
BRDA:182,32,1,1
BRDA:215,33,0,0
BRDA:215,33,1,1
BRDA:238,34,0,0
BRDA:238,34,1,1
BRDA:238,35,0,1
BRDA:238,35,1,1
BRDA:238,35,2,1
BRDA:259,36,0,0
BRDA:259,36,1,7
BRDA:293,37,0,0
BRDA:293,37,1,3
BRDA:297,38,0,0
BRDA:297,38,1,3
BRF:68
BRH:43
end_of_record
